<?xml version="1.0" encoding="UTF-8"?>
<testng-results ignored="0" total="2" passed="1" failed="1" skipped="0">
  <reporter-output>
  </reporter-output>
  <suite started-at="2025-07-05T11:30:10 IST" name="Default suite" finished-at="2025-07-05T11:30:54 IST" duration-ms="44292">
    <groups>
    </groups>
    <test started-at="2025-07-05T11:30:10 IST" name="Default test" finished-at="2025-07-05T11:30:54 IST" duration-ms="44292">
      <class name="com.bribooks.tests.LoginTest">
        <test-method is-config="true" signature="setupReport()[pri:0, instance:com.bribooks.tests.LoginTest@3b6ddd1d]" started-at="2025-07-05T11:30:08 IST" name="setupReport" finished-at="2025-07-05T11:30:10 IST" duration-ms="1251" status="PASS">
          <reporter-output>
          </reporter-output>
        </test-method> <!-- setupReport -->
        <test-method is-config="true" signature="loadTestData()[pri:0, instance:com.bribooks.tests.LoginTest@3b6ddd1d]" started-at="2025-07-05T11:30:10 IST" name="loadTestData" finished-at="2025-07-05T11:30:10 IST" duration-ms="1" status="PASS">
          <reporter-output>
          </reporter-output>
        </test-method> <!-- loadTestData -->
        <test-method is-config="true" signature="setupBrowser(java.lang.reflect.Method)[pri:0, instance:com.bribooks.tests.LoginTest@3b6ddd1d]" started-at="2025-07-05T11:30:10 IST" name="setupBrowser" finished-at="2025-07-05T11:30:20 IST" duration-ms="10242" status="PASS">
          <params>
            <param index="0">
              <value>
                <![CDATA[public void com.bribooks.tests.LoginTest.verifyValidLogin() throws java.lang.InterruptedException]]>
              </value>
            </param>
          </params>
          <reporter-output>
          </reporter-output>
        </test-method> <!-- setupBrowser -->
        <test-method signature="verifyValidLogin()[pri:1, instance:com.bribooks.tests.LoginTest@3b6ddd1d]" started-at="2025-07-05T11:30:20 IST" name="verifyValidLogin" finished-at="2025-07-05T11:30:34 IST" duration-ms="13614" status="FAIL">
          <exception class="java.lang.AssertionError">
            <message>
              <![CDATA[Valid login failed expected [true] but found [false]]]>
            </message>
            <full-stacktrace>
              <![CDATA[java.lang.AssertionError: Valid login failed expected [true] but found [false]
at org.testng.Assert.fail(Assert.java:99)
at org.testng.Assert.failNotEquals(Assert.java:1037)
at org.testng.Assert.assertTrue(Assert.java:45)
at com.bribooks.tests.LoginTest.verifyValidLogin(LoginTest.java:22)
at java.base/jdk.internal.reflect.NativeMethodAccessorImpl.invoke0(Native Method)
at java.base/jdk.internal.reflect.NativeMethodAccessorImpl.invoke(NativeMethodAccessorImpl.java:64)
at java.base/jdk.internal.reflect.DelegatingMethodAccessorImpl.invoke(DelegatingMethodAccessorImpl.java:43)
at java.base/java.lang.reflect.Method.invoke(Method.java:564)
at org.testng.internal.MethodInvocationHelper.invokeMethod(MethodInvocationHelper.java:133)
at org.testng.internal.TestInvoker.invokeMethod(TestInvoker.java:598)
at org.testng.internal.TestInvoker.invokeTestMethod(TestInvoker.java:173)
at org.testng.internal.MethodRunner.runInSequence(MethodRunner.java:46)
at org.testng.internal.TestInvoker$MethodInvocationAgent.invoke(TestInvoker.java:824)
at org.testng.internal.TestInvoker.invokeTestMethods(TestInvoker.java:146)
at org.testng.internal.TestMethodWorker.invokeTestMethods(TestMethodWorker.java:146)
at org.testng.internal.TestMethodWorker.run(TestMethodWorker.java:128)
at java.base/java.util.ArrayList.forEach(ArrayList.java:1511)
at org.testng.TestRunner.privateRun(TestRunner.java:794)
at org.testng.TestRunner.run(TestRunner.java:596)
at org.testng.SuiteRunner.runTest(SuiteRunner.java:377)
at org.testng.SuiteRunner.runSequentially(SuiteRunner.java:371)
at org.testng.SuiteRunner.privateRun(SuiteRunner.java:332)
at org.testng.SuiteRunner.run(SuiteRunner.java:276)
at org.testng.SuiteRunnerWorker.runSuite(SuiteRunnerWorker.java:53)
at org.testng.SuiteRunnerWorker.run(SuiteRunnerWorker.java:96)
at org.testng.TestNG.runSuitesSequentially(TestNG.java:1212)
at org.testng.TestNG.runSuitesLocally(TestNG.java:1134)
at org.testng.TestNG.runSuites(TestNG.java:1063)
at org.testng.TestNG.run(TestNG.java:1031)
at org.testng.remote.AbstractRemoteTestNG.run(AbstractRemoteTestNG.java:115)
at org.testng.remote.RemoteTestNG.initAndRun(RemoteTestNG.java:251)
at org.testng.remote.RemoteTestNG.main(RemoteTestNG.java:77)
]]>
            </full-stacktrace>
          </exception> <!-- java.lang.AssertionError -->
          <reporter-output>
          </reporter-output>
        </test-method> <!-- verifyValidLogin -->
        <test-method is-config="true" signature="teardownBrowser(org.testng.ITestResult)[pri:0, instance:com.bribooks.tests.LoginTest@3b6ddd1d]" started-at="2025-07-05T11:30:34 IST" name="teardownBrowser" finished-at="2025-07-05T11:30:38 IST" duration-ms="4326" status="PASS">
          <params>
            <param index="0">
              <value>
                <![CDATA[[TestResult name=verifyValidLogin status=FAILURE method=LoginTest.verifyValidLogin()[pri:1, instance:com.bribooks.tests.LoginTest@3b6ddd1d] output={null}]]]>
              </value>
            </param>
          </params>
          <reporter-output>
          </reporter-output>
        </test-method> <!-- teardownBrowser -->
        <test-method is-config="true" signature="setupBrowser(java.lang.reflect.Method)[pri:0, instance:com.bribooks.tests.LoginTest@3b6ddd1d]" started-at="2025-07-05T11:30:38 IST" name="setupBrowser" finished-at="2025-07-05T11:30:41 IST" duration-ms="3235" status="PASS">
          <params>
            <param index="0">
              <value>
                <![CDATA[public void com.bribooks.tests.LoginTest.verifyInvalidLogin() throws java.lang.InterruptedException]]>
              </value>
            </param>
          </params>
          <reporter-output>
          </reporter-output>
        </test-method> <!-- setupBrowser -->
        <test-method signature="verifyInvalidLogin()[pri:2, instance:com.bribooks.tests.LoginTest@3b6ddd1d]" started-at="2025-07-05T11:30:41 IST" name="verifyInvalidLogin" finished-at="2025-07-05T11:30:52 IST" duration-ms="11038" status="PASS">
          <reporter-output>
          </reporter-output>
        </test-method> <!-- verifyInvalidLogin -->
        <test-method is-config="true" signature="teardownBrowser(org.testng.ITestResult)[pri:0, instance:com.bribooks.tests.LoginTest@3b6ddd1d]" started-at="2025-07-05T11:30:52 IST" name="teardownBrowser" finished-at="2025-07-05T11:30:54 IST" duration-ms="1726" status="PASS">
          <params>
            <param index="0">
              <value>
                <![CDATA[[TestResult name=verifyInvalidLogin status=SUCCESS method=LoginTest.verifyInvalidLogin()[pri:2, instance:com.bribooks.tests.LoginTest@3b6ddd1d] output={null}]]]>
              </value>
            </param>
          </params>
          <reporter-output>
          </reporter-output>
        </test-method> <!-- teardownBrowser -->
        <test-method is-config="true" signature="flushReport()[pri:0, instance:com.bribooks.tests.LoginTest@3b6ddd1d]" started-at="2025-07-05T11:30:54 IST" name="flushReport" finished-at="2025-07-05T11:30:55 IST" duration-ms="858" status="PASS">
          <reporter-output>
          </reporter-output>
        </test-method> <!-- flushReport -->
      </class> <!-- com.bribooks.tests.LoginTest -->
    </test> <!-- Default test -->
  </suite> <!-- Default suite -->
</testng-results>
